Log file: ./leap.log
>> #
>> # ----- leaprc for loading the ff14SB force field
>> # ----- NOTE: this is designed for PDB format 3!
>> #
>> #	load atom type hybridizations
>> #
>> addAtomTypes {
>> 	{ "H"   "H" "sp3" }
>> 	{ "HO"  "H" "sp3" }
>> 	{ "HS"  "H" "sp3" }
>> 	{ "H1"  "H" "sp3" }
>> 	{ "H2"  "H" "sp3" }
>> 	{ "H3"  "H" "sp3" }
>> 	{ "H4"  "H" "sp3" }
>> 	{ "H5"  "H" "sp3" }
>> 	{ "HW"  "H" "sp3" }
>> 	{ "HC"  "H" "sp3" }
>> 	{ "HA"  "H" "sp3" }
>> 	{ "HP"  "H" "sp3" }
>> 	{ "HZ"  "H" "sp3" }
>> 	{ "OH"  "O" "sp3" }
>> 	{ "OS"  "O" "sp3" }
>> 	{ "O"   "O" "sp2" }
>> 	{ "O2"  "O" "sp2" }
>> 	{ "OP"  "O" "sp2" }
>> 	{ "OW"  "O" "sp3" }
>> 	{ "CT"  "C" "sp3" }
>> 	{ "CX"  "C" "sp3" }
>> 	{ "C8"  "C" "sp3" }
>> 	{ "2C"  "C" "sp3" }
>> 	{ "3C"  "C" "sp3" }
>> 	{ "CH"  "C" "sp3" }
>> 	{ "CS"  "C" "sp2" }
>> 	{ "C"   "C" "sp2" }
>> 	{ "CO"   "C" "sp2" }
>> 	{ "C*"  "C" "sp2" }
>> 	{ "CA"  "C" "sp2" }
>> 	{ "CB"  "C" "sp2" }
>> 	{ "CC"  "C" "sp2" }
>> 	{ "CN"  "C" "sp2" }
>> 	{ "CM"  "C" "sp2" }
>> 	{ "CK"  "C" "sp2" }
>> 	{ "CQ"  "C" "sp2" }
>> 	{ "CD"  "C" "sp2" }
>> 	{ "C5"  "C" "sp2" }
>> 	{ "C4"  "C" "sp2" }
>> 	{ "CP"  "C" "sp2" }
>> 	{ "CI"  "C" "sp3" }
>> 	{ "CJ"  "C" "sp2" }
>> 	{ "CW"  "C" "sp2" }
>> 	{ "CV"  "C" "sp2" }
>> 	{ "CR"  "C" "sp2" }
>> 	{ "CA"  "C" "sp2" }
>> 	{ "CY"  "C" "sp2" }
>> 	{ "C0"  "Ca" "sp3" }
>> 	{ "MG"  "Mg" "sp3" }
>> 	{ "N"   "N" "sp2" }
>> 	{ "NA"  "N" "sp2" }
>> 	{ "N2"  "N" "sp2" }
>> 	{ "N*"  "N" "sp2" }
>> 	{ "NP"  "N" "sp2" }
>> 	{ "NQ"  "N" "sp2" }
>> 	{ "NB"  "N" "sp2" }
>> 	{ "NC"  "N" "sp2" }
>> 	{ "NT"  "N" "sp3" }
>> 	{ "NY"  "N" "sp2" }
>> 	{ "N3"  "N" "sp3" }
>> 	{ "S"   "S" "sp3" }
>> 	{ "SH"  "S" "sp3" }
>> 	{ "P"   "P" "sp3" }
>> 	{ "LP"  ""  "sp3" }
>> 	{ "EP"  ""  "sp3" }
>> 	{ "F"   "F" "sp3" }
>> 	{ "Cl"  "Cl" "sp3" }
>> 	{ "Br"  "Br" "sp3" }
>> 	{ "I"   "I"  "sp3" }
>> }
>> #
>> #	Load the main parameter set.
>> #
>> parm10 = loadamberparams parm10.dat
Loading parameters: /home/7533staff/miniforge3/envs/AmberTools25/dat/leap/parm/parm10.dat
Reading title:
PARM99 + frcmod.ff99SB + frcmod.parmbsc0 + OL3 for RNA
>> frcmod14SB = loadamberparams frcmod.ff14SB
Loading parameters: /home/7533staff/miniforge3/envs/AmberTools25/dat/leap/parm/frcmod.ff14SB
Reading force field modification type file (frcmod)
Reading title:
ff14SB protein backbone and sidechain parameters
>> #
>> #	Load main chain and terminating amino acid libraries
>> #
>> loadOff amino12.lib
Loading library: /home/7533staff/miniforge3/envs/AmberTools25/dat/leap/lib/amino12.lib
Loading: ALA
Loading: ARG
Loading: ASH
Loading: ASN
Loading: ASP
Loading: CYM
Loading: CYS
Loading: CYX
Loading: GLH
Loading: GLN
Loading: GLU
Loading: GLY
Loading: HID
Loading: HIE
Loading: HIP
Loading: HYP
Loading: ILE
Loading: LEU
Loading: LYN
Loading: LYS
Loading: MET
Loading: PHE
Loading: PRO
Loading: SER
Loading: THR
Loading: TRP
Loading: TYR
Loading: VAL
>> loadOff aminoct12.lib
Loading library: /home/7533staff/miniforge3/envs/AmberTools25/dat/leap/lib/aminoct12.lib
Loading: CALA
Loading: CARG
Loading: CASN
Loading: CASP
Loading: CCYS
Loading: CCYX
Loading: CGLN
Loading: CGLU
Loading: CGLY
Loading: CHID
Loading: CHIE
Loading: CHIP
Loading: CHYP
Loading: CILE
Loading: CLEU
Loading: CLYS
Loading: CMET
Loading: CPHE
Loading: CPRO
Loading: CSER
Loading: CTHR
Loading: CTRP
Loading: CTYR
Loading: CVAL
Loading: NHE
Loading: NME
>> loadOff aminont12.lib
Loading library: /home/7533staff/miniforge3/envs/AmberTools25/dat/leap/lib/aminont12.lib
Loading: ACE
Loading: NALA
Loading: NARG
Loading: NASN
Loading: NASP
Loading: NCYS
Loading: NCYX
Loading: NGLN
Loading: NGLU
Loading: NGLY
Loading: NHID
Loading: NHIE
Loading: NHIP
Loading: NILE
Loading: NLEU
Loading: NLYS
Loading: NMET
Loading: NPHE
Loading: NPRO
Loading: NSER
Loading: NTHR
Loading: NTRP
Loading: NTYR
Loading: NVAL
>> 
>> #
>> #	Define the PDB name map for the amino acids
>> #
>> addPdbResMap {
>>   { 0 "HYP" "HYP" } { 1 "HYP" "CHYP" }
>>   { 0 "ALA" "NALA" } { 1 "ALA" "CALA" }
>>   { 0 "ARG" "NARG" } { 1 "ARG" "CARG" }
>>   { 0 "ASN" "NASN" } { 1 "ASN" "CASN" }
>>   { 0 "ASP" "NASP" } { 1 "ASP" "CASP" }
>>   { 0 "CYS" "NCYS" } { 1 "CYS" "CCYS" }
>>   { 0 "CYX" "NCYX" } { 1 "CYX" "CCYX" }
>>   { 0 "GLN" "NGLN" } { 1 "GLN" "CGLN" }
>>   { 0 "GLU" "NGLU" } { 1 "GLU" "CGLU" }
>>   { 0 "GLY" "NGLY" } { 1 "GLY" "CGLY" }
>>   { 0 "HID" "NHID" } { 1 "HID" "CHID" }
>>   { 0 "HIE" "NHIE" } { 1 "HIE" "CHIE" }
>>   { 0 "HIP" "NHIP" } { 1 "HIP" "CHIP" }
>>   { 0 "ILE" "NILE" } { 1 "ILE" "CILE" }
>>   { 0 "LEU" "NLEU" } { 1 "LEU" "CLEU" }
>>   { 0 "LYS" "NLYS" } { 1 "LYS" "CLYS" }
>>   { 0 "MET" "NMET" } { 1 "MET" "CMET" }
>>   { 0 "PHE" "NPHE" } { 1 "PHE" "CPHE" }
>>   { 0 "PRO" "NPRO" } { 1 "PRO" "CPRO" }
>>   { 0 "SER" "NSER" } { 1 "SER" "CSER" }
>>   { 0 "THR" "NTHR" } { 1 "THR" "CTHR" }
>>   { 0 "TRP" "NTRP" } { 1 "TRP" "CTRP" }
>>   { 0 "TYR" "NTYR" } { 1 "TYR" "CTYR" }
>>   { 0 "VAL" "NVAL" } { 1 "VAL" "CVAL" }
>>   { 0 "HIS" "NHIS" } { 1 "HIS" "CHIS" }
>> }
>> 
>> #
>> # assume that most often proteins use HIE
>> #
>> NHIS = NHIE
>> HIS = HIE
>> CHIS = CHIE
> 
> 
> # Cargamos el modelo de agua TIP3P
> source leaprc.water.tip3p
----- Source: /home/7533staff/miniforge3/envs/AmberTools25/dat/leap/cmd/leaprc.water.tip3p
----- Source of /home/7533staff/miniforge3/envs/AmberTools25/dat/leap/cmd/leaprc.water.tip3p done
>> #
>> #       Load water and ions for TIP3P + Li/Merz monovalent ions 
>> #       + Joung-Chetham monovalent ions
>> #       + Li/Merz highly charged ions (+2 to +4, 12-6 normal usage set)
>> #
>> #       Note: the Li/Merz monovalent set is loaded only to get Tl+,
>> #          Cu+, Ag+ NH4+, H3O+.  Since we load Joung-Cheatham second,
>> #          the alkali halide parameters come from the Joung-Cheatham set
>> #
>> addAtomTypes {
>> 	{ "HW"  "H" "sp3" }
>> 	{ "OW"  "O" "sp3" }
>> 	{ "F-"   "F" "sp3" }
>> 	{ "Cl-"  "Cl" "sp3" }
>> 	{ "Br-"  "Br" "sp3" }
>> 	{ "I-"   "I"  "sp3" }
>> 	{ "Li+"  "Li"  "sp3" }
>> 	{ "Na+"  "Na"  "sp3" }
>> 	{ "K+"  "K"  "sp3" }
>> 	{ "Rb+"  "Rb"  "sp3" }
>> 	{ "Cs+"  "Cs"  "sp3" }
>> 	{ "Mg+"  "Mg"  "sp3" }
>>     { "Tl+"  "Tl"  "sp3" }
>>     { "Cu+"  "Cu"  "sp3" }
>>     { "Ag+"  "Ag"  "sp3" }
>>     { "NH4+"  "N"  "sp3" }
>>     { "H3O+"  "O"  "sp3" }
>>     { "Be2+" "Be"  "sp3" }
>>     { "Cu2+" "Cu"  "sp3" }
>>     { "Ni2+" "Ni"  "sp3" }
>>     { "Pt2+" "Pt"  "sp3" }
>>     { "Zn2+" "Zn"  "sp3" }
>>     { "Co2+" "Co"  "sp3" }
>>     { "Pd2+" "Pd"  "sp3" }
>>     { "Ag2+" "Ag"  "sp3" }
>>     { "Cr2+" "Cr"  "sp3" }
>>     { "Fe2+" "Fe"  "sp3" }
>>     { "Mg2+" "Mg"  "sp3" }
>>     { "V2+"  "V"   "sp3" }
>>     { "Mn2+" "Mn"  "sp3" }
>>     { "Hg2+" "Hg"  "sp3" }
>>     { "Cd2+" "Cd"  "sp3" }
>>     { "Yb2+" "Yb"  "sp3" }
>>     { "Ca2+" "Ca"  "sp3" }
>>     { "Sn2+" "Sn"  "sp3" }
>>     { "Pb2+" "Pb"  "sp3" }
>>     { "Eu2+" "Eu"  "sp3" }
>>     { "Sr2+" "Sr"  "sp3" }
>>     { "Sm2+" "Sm"  "sp3" }
>>     { "Ba2+" "Ba"  "sp3" }
>>     { "Ra2+" "Ra"  "sp3" }
>>     { "Al3+" "Al"  "sp3" }
>>     { "Fe3+" "Fe"  "sp3" }
>>     { "Cr3+" "Cr"  "sp3" }
>>     { "In3+" "In"  "sp3" }
>>     { "Tl3+" "Tl"  "sp3" }
>>     { "Y3+"  "Y"   "sp3" }
>>     { "La3+" "La"  "sp3" }
>>     { "Ce3+" "Ce"  "sp3" }
>>     { "Pr3+" "Pr"  "sp3" }
>>     { "Nd3+" "Nd"  "sp3" }
>>     { "Sm3+" "Sm"  "sp3" }
>>     { "Eu3+" "Eu"  "sp3" }
>>     { "Gd3+" "Gd"  "sp3" }
>>     { "Tb3+" "Tb"  "sp3" }
>>     { "Dy3+" "Dy"  "sp3" }
>>     { "Er3+" "Er"  "sp3" }
>>     { "Tm3+" "Tm"  "sp3" }
>>     { "Lu3+" "Lu"  "sp3" }
>>     { "Hf4+" "Hf"  "sp3" }
>>     { "Zr4+" "Zr"  "sp3" }
>>     { "Ce4+" "Ce"  "sp3" }
>>     { "U4+"  "U"   "sp3" }
>>     { "Pu4+" "Pu"  "sp3" }
>>     { "Th4+" "Th"  "sp3" }
>> }
>> loadOff atomic_ions.lib
Loading library: /home/7533staff/miniforge3/envs/AmberTools25/dat/leap/lib/atomic_ions.lib
Loading: AG
Loading: AL
Loading: Ag
Loading: BA
Loading: BR
Loading: Be
Loading: CA
Loading: CD
Loading: CE
Loading: CL
Loading: CO
Loading: CR
Loading: CS
Loading: CU
Loading: CU1
Loading: Ce
Loading: Cl-
Loading: Cr
Loading: Dy
Loading: EU
Loading: EU3
Loading: Er
Loading: F
Loading: FE
Loading: FE2
Loading: GD3
Loading: H3O+
Loading: HE+
Loading: HG
Loading: HZ+
Loading: Hf
Loading: IN
Loading: IOD
Loading: K
Loading: K+
Loading: LA
Loading: LI
Loading: LU
Loading: MG
Loading: MN
Loading: NA
Loading: NH4
Loading: NI
Loading: Na+
Loading: Nd
Loading: PB
Loading: PD
Loading: PR
Loading: PT
Loading: Pu
Loading: RB
Loading: Ra
Loading: SM
Loading: SR
Loading: Sm
Loading: Sn
Loading: TB
Loading: TL
Loading: Th
Loading: Tl
Loading: Tm
Loading: U4+
Loading: V2+
Loading: Y
Loading: YB2
Loading: ZN
Loading: Zr
>> loadOff solvents.lib
Loading library: /home/7533staff/miniforge3/envs/AmberTools25/dat/leap/lib/solvents.lib
Loading: CHCL3BOX
Loading: DC4
Loading: FB3
Loading: FB3BOX
Loading: FB4
Loading: FB4BOX
Loading: MEOHBOX
Loading: NMABOX
Loading: O3P
Loading: OP3
Loading: OPC
Loading: OPC3BOX
Loading: OPC3POLBOX
Loading: OPCBOX
Loading: PL3
Loading: POL3BOX
Loading: QSPCFWBOX
Loading: SPC
Loading: SPCBOX
Loading: SPCFWBOX
Loading: SPF
Loading: SPG
Loading: T4E
Loading: TIP3PBOX
Loading: TIP3PFBOX
Loading: TIP4PBOX
Loading: TIP4PEWBOX
Loading: TIP5PBOX
Loading: TP3
Loading: TP4
Loading: TP5
Loading: TPF
>> HOH = TP3
>> WAT = TP3
>> loadAmberParams frcmod.tip3p
Loading parameters: /home/7533staff/miniforge3/envs/AmberTools25/dat/leap/parm/frcmod.tip3p
Reading force field modification type file (frcmod)
Reading title:
This is the additional/replacement parameter set for TIP3P water
>> loadAmberParams frcmod.ions1lm_126_tip3p
Loading parameters: /home/7533staff/miniforge3/envs/AmberTools25/dat/leap/parm/frcmod.ions1lm_126_tip3p
Reading force field modification type file (frcmod)
Reading title:
Li/Merz ion parameters of monovalent ions for TIP3P water model (12-6 normal usage set)
>> loadAmberParams frcmod.ionsjc_tip3p
Loading parameters: /home/7533staff/miniforge3/envs/AmberTools25/dat/leap/parm/frcmod.ionsjc_tip3p
Reading force field modification type file (frcmod)
Reading title:
Monovalent ion parameters for Ewald and TIP3P water from Joung & Cheatham JPCB (2008)
>> loadAmberParams frcmod.ions234lm_126_tip3p
Loading parameters: /home/7533staff/miniforge3/envs/AmberTools25/dat/leap/parm/frcmod.ions234lm_126_tip3p
Reading force field modification type file (frcmod)
Reading title:
Li/Merz ion parameters of divalent to tetravalent ions for TIP3P water model (12-6 normal usage set)
>> 
> 
> 
> addAtomTypes {
>   { "M1" "Zn" "sp3" }
>   { "Y1" "S"  "sp3" }
>   { "Y2" "S"  "sp3" }
>   { "Y3" "S"  "sp3" }
>   { "Y4" "S"  "sp3" }
> 
>   { "Z1" "S"  "sp3" }
>   { "Z2" "S"  "sp3" }
>   { "Z3" "S"  "sp3" }
>   { "Z4" "S"  "sp3" }
> 
>   { "X1" "S"  "sp3" }
>   { "X2" "S"  "sp3" }
>   { "X3" "N"  "sp2" }
>   { "X4" "N"  "sp2" }
> 
>   { "A1" "S"  "sp3" }
>   { "A2" "N"  "sp2" }
>   { "A3" "S"  "sp3" }
>   { "A4" "S"  "sp3" }
> 
>   { "B1" "S"  "sp3" }
>   { "B2" "S"  "sp3" }
>   { "B3" "N"  "sp2" }
>   { "B4" "N"  "sp2" }
> 
>   { "D1" "S"  "sp3" }
>   { "D2" "S"  "sp3" }
>   { "D3" "N"  "sp2" }
>   { "D4" "S"  "sp3" }
> 
>   { "E1" "S"  "sp3" }
>   { "E2" "S"  "sp3" }
>   { "E3" "S"  "sp3" }
>   { "E4" "S"  "sp3" }
> }
> # Cargamos los  parametros de los metales
> loadamberparams ZN1_mcpbpy_tleap_in.frcmod
Loading parameters: ./ZN1_mcpbpy_tleap_in.frcmod
Reading force field modification type file (frcmod)
Reading title:
REMARK GOES HERE, THIS FILE IS GENERATED BY MCPB.PY
> loadamberparams ZN2_mcpbpy_tleap_in.frcmod
Loading parameters: ./ZN2_mcpbpy_tleap_in.frcmod
Reading force field modification type file (frcmod)
Reading title:
REMARK GOES HERE, THIS FILE IS GENERATED BY MCPB.PY
(UNKNOWN ATOM TYPE: M2)
> loadamberparams ZN3_mcpbpy_tleap_in.frcmod
Loading parameters: ./ZN3_mcpbpy_tleap_in.frcmod
Reading force field modification type file (frcmod)
Reading title:
REMARK GOES HERE, THIS FILE IS GENERATED BY MCPB.PY
(UNKNOWN ATOM TYPE: M3)
> loadamberparams ZN4_mcpbpy_tleap_in.frcmod
Loading parameters: ./ZN4_mcpbpy_tleap_in.frcmod
Reading force field modification type file (frcmod)
Reading title:
REMARK GOES HERE, THIS FILE IS GENERATED BY MCPB.PY
(UNKNOWN ATOM TYPE: M4)
> loadamberparams ZN5_mcpbpy_tleap_in.frcmod
Loading parameters: ./ZN5_mcpbpy_tleap_in.frcmod
Reading force field modification type file (frcmod)
Reading title:
REMARK GOES HERE, THIS FILE IS GENERATED BY MCPB.PY
(UNKNOWN ATOM TYPE: M5)
> loadamberparams ZN6_mcpbpy_tleap_in.frcmod
Loading parameters: ./ZN6_mcpbpy_tleap_in.frcmod
Reading force field modification type file (frcmod)
Reading title:
REMARK GOES HERE, THIS FILE IS GENERATED BY MCPB.PY
(UNKNOWN ATOM TYPE: M6)
> loadamberparams ZN7_mcpbpy_tleap_in.frcmod
Loading parameters: ./ZN7_mcpbpy_tleap_in.frcmod
Reading force field modification type file (frcmod)
Reading title:
REMARK GOES HERE, THIS FILE IS GENERATED BY MCPB.PY
(UNKNOWN ATOM TYPE: M7)
> 
> # Cargamos la estructura original
> unit = loadpdb TRIM24_tleap_in.pdb
Loading PDB file: ./TRIM24_tleap_in.pdb
Matching PDB residue names to LEaP variables.
Mapped residue MET, term: Terminal/beginning, seq. number: 0 to: NMET.
Mapped residue LYS, term: Terminal/last, seq. number: 1049 to: CLYS.
Starting new chain with ZN
Starting new chain with ZN
Starting new chain with ZN
Starting new chain with ZN
Starting new chain with ZN
Starting new chain with ZN
  total atoms in file: 16255
> 
> # Asignamos los tipos de atomo correctos
> set unit.56.SG type "Y1"
> set unit.59.SG type "Y2"
> set unit.78.SG type "Y3"
> set unit.81.SG type "Y4"
> set unit.1051.ZN type "M1"
> 
> set unit.163.SG type "Z1"
> set unit.166.SG type "Z2"
> set unit.184.SG type "Z3"
> set unit.187.SG type "Z4"
> set unit.1052.ZN type "M2"
> 
> set unit.176.SG type "X1"
> set unit.179.SG type "X2"
> set unit.191.NE2 type "X3"
> set unit.200.ND1 type "X4"
> set unit.1053.ZN type "M3"
> 
> set unit.223.SG type "A1"
> set unit.226.ND1 type "A2"
> set unit.243.SG type "A3"
> set unit.246.SG type "A4"
> set unit.1054.ZN type "M4"
> 
> set unit.235.SG type "B1"
> set unit.238.SG type "B2"
> set unit.251.ND1 type "B3"
> set unit.254.ND1 type "B4"
> set unit.1055.ZN type "M5"
> 
> set unit.829.SG type "D1"
> set unit.832.SG type "D2"
> set unit.849.ND1 type "D3"
> set unit.852.SG type "D4"
> set unit.1056.ZN type "M6"
> 
> set unit.841.SG type "E1"
> set unit.844.SG type "E2"
> set unit.867.SG type "E3"
> set unit.870.SG type "E4"
> set unit.1057.ZN type "M7"
> 
> # Sitio 1 (Y1–Y4, M1): CYM 56, 59, 78, 81
> set unit.56.CB  type "2C"
> set unit.59.CB  type "2C"
> set unit.78.CB  type "2C"
> set unit.81.CB  type "2C"
> 
> # Sitio 2 (Z1–Z4, M2): CYM 163, 166, 184, 187
> set unit.163.CB type "2C"
> set unit.166.CB type "2C"
> set unit.184.CB type "2C"
> set unit.187.CB type "2C"
> 
> # Sitio 3 (X1–X2, M3): CYM 176, 179
> set unit.176.CB type "2C"
> set unit.179.CB type "2C"
> 
> # Sitio 4 (A1–A4, M4): CYM 223, 243, 246 (+ la que falte si es CYM)
> set unit.223.CB type "2C"
> set unit.243.CB type "2C"
> set unit.246.CB type "2C"
> 
> # Sitio 5 (B1–B4, M5): CYM 235, 238 (+ las que falten si son CYM)
> set unit.235.CB type "2C"
> set unit.238.CB type "2C"
> 
> # Sitio 6 (D1–D4, M6): CYM 829, 832, 852, 867
> set unit.829.CB type "2C"
> set unit.832.CB type "2C"
> set unit.852.CB type "2C"
> set unit.867.CB type "2C"
> 
> # Sitio 7 (E1–E4, M7): CYM 841, 844, 867, 870
> set unit.841.CB type "2C"
> set unit.844.CB type "2C"
> set unit.867.CB type "2C"
> set unit.870.CB type "2C"
> 
> # Forzamos el tipo 2C en los carbonos beta de las CYM del sitio 7
> set unit.841.CB type "2C"
> set unit.844.CB type "2C"
> set unit.867.CB type "2C"
> set unit.870.CB type "2C"
> 
> # Creamos los enlaces ZN-ligando
> bond unit.56.SG unit.1051.ZN
> bond unit.59.SG unit.1051.ZN
> bond unit.78.SG unit.1051.ZN
> bond unit.81.SG unit.1051.ZN
> 
> bond unit.163.SG unit.1052.ZN
> bond unit.166.SG unit.1052.ZN
> bond unit.184.SG unit.1052.ZN
> bond unit.187.SG unit.1052.ZN
> 
> bond unit.176.SG unit.1053.ZN
> bond unit.179.SG unit.1053.ZN
> bond unit.191.NE2 unit.1053.ZN
> bond unit.200.ND1 unit.1053.ZN
> 
> bond unit.223.SG unit.1054.ZN
> bond unit.226.ND1 unit.1054.ZN
> bond unit.243.SG unit.1054.ZN
> bond unit.246.SG unit.1054.ZN
> 
> bond unit.235.SG unit.1055.ZN
> bond unit.238.SG unit.1055.ZN
> bond unit.251.ND1 unit.1055.ZN
> bond unit.254.ND1 unit.1055.ZN
> 
> bond unit.829.SG unit.1056.ZN
> bond unit.832.SG unit.1056.ZN
> bond unit.849.ND1 unit.1056.ZN
> bond unit.852.SG unit.1056.ZN
> 
> bond unit.841.SG unit.1057.ZN
> bond unit.844.SG unit.1057.ZN
> bond unit.867.SG unit.1057.ZN
> bond unit.870.SG unit.1057.ZN
> 
> # Adicionamos solvente explicito
> solvateBox unit TIP3PBOX 10.0
  Solute vdw bounding box:              170.737 171.014 139.914
  Total bounding box for atom centers:  190.737 191.014 159.914
  Solvent unit box:                     18.774 18.774 18.774
The number of boxes:  x=11  y=11  z= 9
  Total vdw box size:                   193.971 193.967 162.770 angstroms.
  Volume: 6124041.900 A^3 
  Total mass 3301934.266 amu,  Density 0.895 g/cc
  Added 176769 residues.
> 
> # Adicionamos iones para neutralizar el sistema
> addIons unit Na+ 0
12 Na+ ions required to neutralize.
Adding 12 counter ions to "unit" using 1A grid
Total solute charge:  -12.00  Max atom radius:   2.00
Grid extends from solute vdw + 3.22  to  9.22
Box:
   enclosing:  -93.70 -93.19 -78.13   92.99 93.39 77.64
   sized:			      162.30 162.81 177.87
   edge:        256.00
Resolution:      1.00 Angstrom.
Tree depth: 8
Volume =  2.83% of box, grid points 474669
Solvent present: replacing closest with ion
	 when steric overlaps occur
Calculating grid charges
(Replacing solvent molecule)
Placed Na+ in unit at (30.73, -3.70, -23.89).
(Replacing solvent molecule)
Placed Na+ in unit at (41.62, 7.88, 44.90).
(Replacing solvent molecule)
Placed Na+ in unit at (14.78, 37.50, -29.35).
(Replacing solvent molecule)
Placed Na+ in unit at (49.32, 11.01, 47.33).
(Replacing solvent molecule)
Placed Na+ in unit at (42.32, -13.34, -19.77).
(Replacing solvent molecule)
Placed Na+ in unit at (13.28, 32.99, 17.84).
(Replacing solvent molecule)
Placed Na+ in unit at (24.04, 1.32, -3.91).
(Replacing solvent molecule)
Placed Na+ in unit at (20.32, 61.82, -21.71).
(Replacing solvent molecule)
Placed Na+ in unit at (54.36, 49.39, -55.21).
(Replacing solvent molecule)
Placed Na+ in unit at (11.58, 2.77, 43.92).
(Replacing solvent molecule)
Placed Na+ in unit at (-14.07, 35.05, 59.83).
(Replacing solvent molecule)
Placed Na+ in unit at (45.78, 14.52, 35.35).

Done adding ions.
> 
> # Guardamos los archivos de Amber
> saveamberparm unit TRIM24.prmtop TRIM24.inpcrd
Checking Unit.
Building topology.
Building atom parameters.
Building bond parameters.
Building angle parameters.
Building proper torsion parameters.
Building improper torsion parameters.
 ** Warning: No sp2 improper torsion term for  CR-CV-X3-M3
        atoms are: CE1 CD2 NE2 ZN
 ** Warning: No sp2 improper torsion term for  CC-CR-X4-M3
        atoms are: CG CE1 ND1 ZN
 ** Warning: No sp2 improper torsion term for  CC-CR-A2-M4
        atoms are: CG CE1 ND1 ZN
 ** Warning: No sp2 improper torsion term for  CC-CR-B3-M5
        atoms are: CG CE1 ND1 ZN
 ** Warning: No sp2 improper torsion term for  CC-CR-B4-M5
        atoms are: CG CE1 ND1 ZN
 ** Warning: No sp2 improper torsion term for  CC-CR-D3-M6
        atoms are: CG CE1 ND1 ZN
 total 3161 improper torsions applied
Building H-Bond parameters.
Incorporating Non-Bonded adjustments.
Not Marking per-residue atom chain types.
Marking per-residue atom chain types.
  (Residues lacking connect0/connect1 - 
   these don't have chain types marked:

	res	total affected

	CLYS	1
	NMET	1
	WAT	176757
  )
 (no restraints)
> savepdb unit TRIM24_tleap_out.pdb
Writing pdb file: TRIM24_tleap_out.pdb
   printing CRYST1 record to PDB file with box info

/home/7533staff/miniforge3/envs/AmberTools25/bin/teLeap: Warning!
 Converting N-terminal residue name to PDB format: NMET -> MET

/home/7533staff/miniforge3/envs/AmberTools25/bin/teLeap: Warning!
 Converting C-terminal residue name to PDB format: CLYS -> LYS
> 
> quit
	Quit

Exiting LEaP: Errors = 0; Warnings = 2; Notes = 0.