
          -------------------------------------------------------
          Amber 24 SANDER                              2024
          -------------------------------------------------------

| Run on 04/13/2026 at 23:48:45

|   Executable path: sander
| Working directory: /home/7533staff/docking_2
|          Hostname: Unknown
  [-O]verwriting output

File Assignments:
|  MDIN: min.in                                                                
| MDOUT: min.out                                                              
|INPCRD: TRIM24.inpcrd                                                         
|  PARM: TRIM24.prmtop                                                         
|RESTRT: min.rst                                                              
|  REFC: TRIM24.inpcrd                                                         
| MDVEL: mdvel                                                                 
| MDFRC: mdfrc                                                                 
|  MDEN: mden                                                                  
| MDCRD: mdcrd                                                                 
|MDINFO: mdinfo                                                                
|  MTMD: mtmd                                                                  
|INPDIP: inpdip                                                                
|RSTDIP: rstdip                                                                
|INPTRA: inptraj                                                               


 Here is the input file:

Minimizacion con restricciones                                                      
 &cntrl                                                                        
   imin=1,          ! Minimizacion                                             
   maxcyc=5000,     ! Ciclos totales                                           
   ncyc=2500,       ! Primeros 2500 steepest descent, resto conjugate gradient
   cut=10.0,        ! Corte no enlazado                                        
   ntb=1,           ! Sistema en caja periodica                                
   ntr=1,           ! Activar restricciones                                    
   restraint_wt=10.0,     ! Peso de restriccion (fuerte)                       
   restraintmask='!:WAT & !@H='   ! Restringe todo excepto agua e hidrogenos   
 /                                                                             
                                                                               

--------------------------------------------------------------------------------
   1.  RESOURCE   USE: 
--------------------------------------------------------------------------------

| Flags:                                                                        
 getting new box info from bottom of inpcrd
|  INFO: Old style inpcrd file read

| peek_ewald_inpcrd: Box info found
|Largest sphere to fit in unit cell has radius =    81.385
| New format PARM file being parsed.
| Version =    1.000 Date = 04/13/26 Time = 22:58:55
 NATOM  =  546538 NTYPES =      17 NBONH =  538330 MBONA  =    8405
 NTHETH =   18484 MTHETA =   11448 NPHIH =   37516 MPHIA  =   36554
 NHPARM =       0 NPARM  =       0 NNB   =  797625 NRES   =  177826
 NBONA  =    8405 NTHETA =   11448 NPHIA =   36554 NUMBND =     133
 NUMANG =     311 NPTRA  =     202 NATYP =      72 NPHB   =       0
 IFBOX  =       1 NMXRS  =      24 IFCAP =       0 NEXTRA =       0
 NCOPY  =       0


|     Memory Use     Allocated
|     Real            45655394
|     Hollerith        1817442
|     Integer         15970811
|     Max Pairs      314805888
|     nblistReal       6558456
|     nblist Int      21363695
|       Total          1790568 kbytes

| Note: 1-4 EEL scale factors are being read from the topology file.

| Note: 1-4 VDW scale factors are being read from the topology file.
| Duplicated    0 dihedrals
| Duplicated    0 dihedrals

     BOX TYPE: RECTILINEAR

--------------------------------------------------------------------------------
   2.  CONTROL  DATA  FOR  THE  RUN
--------------------------------------------------------------------------------

default_name                                                                    

General flags:
     imin    =       1, nmropt  =       0

Nature and format of input:
     ntx     =       1, irest   =       0, ntrx    =       1

Nature and format of output:
     ntxo    =       2, ntpr    =      50, ntrx    =       1, ntwr    =       1
     iwrap   =       0, ntwx    =       0, ntwv    =       0, ntwe    =       0
     ioutfm  =       1, ntwprt  =       0, idecomp =       0, rbornstat=      0

Potential function:
     ntf     =       1, ntb     =       1, igb     =       0, nsnb    =      25
     ipol    =       0, gbsa    =       0, iesp    =       0
     dielc   =   1.00000, cut     =  10.00000, intdiel =   1.00000

Frozen or restrained atoms:
     ibelly  =       0, ntr     =       1
     restraint_wt =  10.00000

Energy minimization:
     maxcyc  =    5000, ncyc    =    2500, ntmin   =       1
     dx0     =   0.01000, drms    =   0.00010

Ewald parameters:
     verbose =       0, ew_type =       0, nbflag  =       1, use_pme =       1
     vdwmeth =       1, eedmeth =       1, netfrc  =       0
     Box X =  193.971   Box Y =  193.967   Box Z =  162.770
     Alpha =   90.000   Beta  =   90.000   Gamma =   90.000
     NFFT1 =  200       NFFT2 =  200       NFFT3 =  162
     Cutoff=   10.000   Tol   =0.100E-04
     Ewald Coefficient =  0.27511
     Interpolation order =    4

    LOADING THE CONSTRAINED ATOMS AS GROUPS


   5.  REFERENCE ATOM COORDINATES

  defa
     Mask !:WAT & !@H=; matches  8208 atoms

--------------------------------------------------------------------------------
   3.  ATOMIC COORDINATES AND VELOCITIES
--------------------------------------------------------------------------------

default_name                                                                    
 begin time read from input coords =     0.000 ps

 Number of triangulated 3-point waters found:   176757

     Sum of charges from parm topology file =  -0.00000039
     Forcing neutrality...

--------------------------------------------------------------------------------
   4.  RESULTS
--------------------------------------------------------------------------------

 ---------------------------------------------------
 APPROXIMATING switch and d/dx switch using CUBIC SPLINE INTERPOLATION
 using   5000.0 points per unit in tabled values
 TESTING RELATIVE ERROR over r ranging from 0.0 to cutoff
| CHECK switch(x): max rel err =   0.2738E-14   at   2.422500
| CHECK d/dx switch(x): max rel err =   0.8314E-11   at   2.736960
 ---------------------------------------------------
| Local SIZE OF NONBOND LIST =  178827566
| TOTAL SIZE OF NONBOND LIST =  178827566


   NSTEP       ENERGY          RMS            GMAX         NAME    NUMBER
      1      -1.5754E+06     2.8622E+02     1.9275E+05     HB3     11907

 BOND    =      955.9045  ANGLE   =     3262.4226  DIHED      =    13028.2525
 VDWAALS =   237860.5994  EEL     = -1883412.9907  HBOND      =        0.0000
 1-4 VDW =     5569.4985  1-4 EEL =    47328.4156  RESTRAINT  =        0.0000


   NSTEP       ENERGY          RMS            GMAX         NAME    NUMBER
     50      -1.8920E+06     1.5122E+00     2.1182E+01     O      176984

 BOND    =   108243.1650  ANGLE   =     2321.7211  DIHED      =    13092.1662
 VDWAALS =   179494.3052  EEL     = -2244397.3779  HBOND      =        0.0000
 1-4 VDW =     4263.3015  1-4 EEL =    44479.3962  RESTRAINT  =      486.2132
 EAMBER  = -1892503.3226


   NSTEP       ENERGY          RMS            GMAX         NAME    NUMBER
    100      -1.9690E+06     9.2409E-01     1.0720E+01     C        3091

 BOND    =   113173.1506  ANGLE   =     2275.0555  DIHED      =    13037.8373
 VDWAALS =   195169.9493  EEL     = -2341375.5703  HBOND      =        0.0000
 1-4 VDW =     3886.0377  1-4 EEL =    43936.2050  RESTRAINT  =      905.2366
 EAMBER  = -1969897.3349


   NSTEP       ENERGY          RMS            GMAX         NAME    NUMBER
    150      -2.0038E+06     2.7334E+00     8.7845E+01     C        3091

 BOND    =   109231.3359  ANGLE   =     2279.9210  DIHED      =    13011.3855
 VDWAALS =   211386.7773  EEL     = -2388312.1830  HBOND      =        0.0000
 1-4 VDW =     3771.9544  1-4 EEL =    43747.2240  RESTRAINT  =     1115.3891
 EAMBER  = -2004883.5849


   NSTEP       ENERGY          RMS            GMAX         NAME    NUMBER
    200      -2.0292E+06     1.6172E+00     5.4942E+01     C        3091

 BOND    =   131960.9761  ANGLE   =     2283.0047  DIHED      =    12992.5579
 VDWAALS =   226161.1747  EEL     = -2451185.3188  HBOND      =        0.0000
 1-4 VDW =     3719.6519  1-4 EEL =    43675.0054  RESTRAINT  =     1235.2614
 EAMBER  = -2030392.9481


   NSTEP       ENERGY          RMS            GMAX         NAME    NUMBER
    250      -2.0476E+06     5.2151E-01     6.8982E+00     O      217733

 BOND    =   126810.4074  ANGLE   =     2280.8633  DIHED      =    12978.2740
 VDWAALS =   239174.9278  EEL     = -2477468.4835  HBOND      =        0.0000
 1-4 VDW =     3696.9741  1-4 EEL =    43625.3565  RESTRAINT  =     1307.4220
 EAMBER  = -2048901.6803


   NSTEP       ENERGY          RMS            GMAX         NAME    NUMBER
    300      -2.0623E+06     1.4654E+00     1.5992E+02     CE3     12274

 BOND    =   125690.3984  ANGLE   =     2312.0480  DIHED      =    12965.3970
 VDWAALS =   251563.0240  EEL     = -2503487.8906  HBOND      =        0.0000
 1-4 VDW =     3684.7859  1-4 EEL =    43592.4807  RESTRAINT  =     1360.6000
 EAMBER  = -2063679.7566


   NSTEP       ENERGY          RMS            GMAX         NAME    NUMBER
    350      -2.0750E+06     4.3641E-01     2.4049E+01     CE1      2880

 BOND    =   133147.9062  ANGLE   =     2285.5551  DIHED      =    12953.7364
 VDWAALS =   262428.0308  EEL     = -2534513.7312  HBOND      =        0.0000
 1-4 VDW =     3675.6821  1-4 EEL =    43582.2946  RESTRAINT  =     1397.4267
 EAMBER  = -2076440.5259


   NSTEP       ENERGY          RMS            GMAX         NAME    NUMBER
    400      -2.0855E+06     1.2318E+00     3.3511E+02     CD       3470

 BOND    =   135805.7668  ANGLE   =     2353.8350  DIHED      =    12944.9960
 VDWAALS =   272699.3471  EEL     = -2557927.2658  HBOND      =        0.0000
 1-4 VDW =     3669.5519  1-4 EEL =    43569.3541  RESTRAINT  =     1429.1412
 EAMBER  = -2086884.4150


   NSTEP       ENERGY          RMS            GMAX         NAME    NUMBER
    450      -2.0946E+06     5.3055E-01     1.1875E+02     CE1      2880

 BOND    =   137586.1860  ANGLE   =     2288.9243  DIHED      =    12938.0164
 VDWAALS =   281535.1020  EEL     = -2577613.3525  HBOND      =        0.0000
 1-4 VDW =     3669.4066  1-4 EEL =    43565.8542  RESTRAINT  =     1447.5999
 EAMBER  = -2096029.8631


   NSTEP       ENERGY          RMS            GMAX         NAME    NUMBER
    500      -2.1024E+06     9.6357E-01     2.4634E+02     CE1      3701

 BOND    =   139629.2655  ANGLE   =     2315.6994  DIHED      =    12932.5055
 VDWAALS =   289825.0294  EEL     = -2595833.9353  HBOND      =        0.0000
 1-4 VDW =     3668.2485  1-4 EEL =    43562.7432  RESTRAINT  =     1465.7671
 EAMBER  = -2103900.4439


   NSTEP       ENERGY          RMS            GMAX         NAME    NUMBER
    550      -2.1095E+06     4.4111E-01     7.9801E+01     CE1      3701

 BOND    =   141093.3742  ANGLE   =     2296.0549  DIHED      =    12928.2454
 VDWAALS =   296914.4440  EEL     = -2611395.0195  HBOND      =        0.0000
 1-4 VDW =     3664.9086  1-4 EEL =    43555.6894  RESTRAINT  =     1478.4216
 EAMBER  = -2110942.3030


   NSTEP       ENERGY          RMS            GMAX         NAME    NUMBER
    600      -2.1156E+06     9.0004E-01     3.2737E+02     CG      13792

 BOND    =   142724.2908  ANGLE   =     2329.0915  DIHED      =    12924.9543
 VDWAALS =   303456.7268  EEL     = -2625754.3615  HBOND      =        0.0000
 1-4 VDW =     3663.7846  1-4 EEL =    43551.7071  RESTRAINT  =     1490.3382
 EAMBER  = -2117103.8065


   NSTEP       ENERGY          RMS            GMAX         NAME    NUMBER
    650      -2.1214E+06     3.7533E-01     6.5167E+01     CE1      3701

 BOND    =   143938.9700  ANGLE   =     2288.0573  DIHED      =    12921.7958
 VDWAALS =   309293.3330  EEL     = -2638549.2770  HBOND      =        0.0000
 1-4 VDW =     3663.2335  1-4 EEL =    43553.3742  RESTRAINT  =     1496.9097
 EAMBER  = -2122890.5132


   NSTEP       ENERGY          RMS            GMAX         NAME    NUMBER
    700      -2.1268E+06     7.0332E-01     1.7681E+02     CE1      3701

 BOND    =   145334.2050  ANGLE   =     2301.0278  DIHED      =    12918.8642
 VDWAALS =   315003.9585  EEL     = -2651051.9481  HBOND      =        0.0000
 1-4 VDW =     3662.7361  1-4 EEL =    43553.0168  RESTRAINT  =     1504.1123
 EAMBER  = -2128278.1396


   NSTEP       ENERGY          RMS            GMAX         NAME    NUMBER
    750      -2.1318E+06     3.1755E-01     4.5647E+01     CE1      3701

 BOND    =   146429.5780  ANGLE   =     2292.1998  DIHED      =    12915.7732
 VDWAALS =   320177.4792  EEL     = -2662373.2088  HBOND      =        0.0000
 1-4 VDW =     3661.3535  1-4 EEL =    43548.3988  RESTRAINT  =     1509.3518
 EAMBER  = -2133348.4264


   NSTEP       ENERGY          RMS            GMAX         NAME    NUMBER
    800      -2.1366E+06     4.2503E-01     1.2287E+02     CG      13792

 BOND    =   147580.7661  ANGLE   =     2298.2314  DIHED      =    12912.1404
 VDWAALS =   325125.9227  EEL     = -2673197.8045  HBOND      =        0.0000
 1-4 VDW =     3660.9490  1-4 EEL =    43546.6354  RESTRAINT  =     1514.2786
 EAMBER  = -2138073.1595


   NSTEP       ENERGY          RMS            GMAX         NAME    NUMBER
    850      -2.1408E+06     8.2652E-01     1.7768E+02     CE1      3701

 BOND    =   148739.4894  ANGLE   =     2327.8470  DIHED      =    12909.4510
 VDWAALS =   329723.9172  EEL     = -2683233.2478  HBOND      =        0.0000
 1-4 VDW =     3660.3872  1-4 EEL =    43543.9565  RESTRAINT  =     1518.8143
 EAMBER  = -2142328.1996


   NSTEP       ENERGY          RMS            GMAX         NAME    NUMBER
    900      -2.1450E+06     2.5875E-01     1.4547E+01     CE1      3701

 BOND    =   149574.9886  ANGLE   =     2288.4821  DIHED      =    12907.7945
 VDWAALS =   333980.1081  EEL     = -2692463.7379  HBOND      =        0.0000
 1-4 VDW =     3660.6709  1-4 EEL =    43547.0504  RESTRAINT  =     1519.7023
 EAMBER  = -2146504.6433


   NSTEP       ENERGY          RMS            GMAX         NAME    NUMBER
    950      -2.1487E+06     7.5555E-01     2.7770E+02     CG      13792

 BOND    =   150632.6190  ANGLE   =     2304.0661  DIHED      =    12906.6409
 VDWAALS =   338187.2446  EEL     = -2701491.3814  HBOND      =        0.0000
 1-4 VDW =     3661.0258  1-4 EEL =    43548.6699  RESTRAINT  =     1521.9301
 EAMBER  = -2150251.1151


   NSTEP       ENERGY          RMS            GMAX         NAME    NUMBER
   1000      -2.1523E+06     2.5554E-01     2.1873E+01     CE1      3701

 BOND    =   151373.6660  ANGLE   =     2291.2791  DIHED      =    12905.8929
 VDWAALS =   342051.7614  EEL     = -2709694.7516  HBOND      =        0.0000
 1-4 VDW =     3660.5647  1-4 EEL =    43545.1824  RESTRAINT  =     1522.3663
 EAMBER  = -2153866.4050


   NSTEP       ENERGY          RMS            GMAX         NAME    NUMBER
   1050      -2.1557E+06     6.9453E-01     2.2821E+02     CG      13792

 BOND    =   152312.3001  ANGLE   =     2315.5654  DIHED      =    12905.1994
 VDWAALS =   345929.3667  EEL     = -2717862.9899  HBOND      =        0.0000
 1-4 VDW =     3660.3180  1-4 EEL =    43542.4879  RESTRAINT  =     1523.8312
 EAMBER  = -2157197.7524


   NSTEP       ENERGY          RMS            GMAX         NAME    NUMBER
   1100      -2.1586E+06     9.4125E-01     3.8288E+02     CG      13792

 BOND    =   153148.9052  ANGLE   =     2335.6211  DIHED      =    12904.8882
 VDWAALS =   349405.1993  EEL     = -2725149.8948  HBOND      =        0.0000
 1-4 VDW =     3660.7179  1-4 EEL =    43541.9538  RESTRAINT  =     1524.7146
 EAMBER  = -2160152.6093


   NSTEP       ENERGY          RMS            GMAX         NAME    NUMBER
   1150      -2.1617E+06     5.6453E-01     2.2718E+02     CG      13792

 BOND    =   153763.0271  ANGLE   =     2295.9402  DIHED      =    12904.0307
 VDWAALS =   352751.9968  EEL     = -2732150.8880  HBOND      =        0.0000
 1-4 VDW =     3661.1451  1-4 EEL =    43546.5151  RESTRAINT  =     1523.2505
 EAMBER  = -2163228.2330


   NSTEP       ENERGY          RMS            GMAX         NAME    NUMBER
   1200      -2.1644E+06     8.1379E-01     3.4108E+02     CG      13792

 BOND    =   154528.0064  ANGLE   =     2307.8738  DIHED      =    12903.1219
 VDWAALS =   355934.7867  EEL     = -2738798.8616  HBOND      =        0.0000
 1-4 VDW =     3661.4818  1-4 EEL =    43547.4337  RESTRAINT  =     1523.7994
 EAMBER  = -2165916.1573


   NSTEP       ENERGY          RMS            GMAX         NAME    NUMBER
   1250      -2.1672E+06     4.6766E-01     6.9857E+01     NE2      5189

 BOND    =   155079.0510  ANGLE   =     2303.7671  DIHED      =    12902.1905
 VDWAALS =   358975.0114  EEL     = -2745150.8363  HBOND      =        0.0000
 1-4 VDW =     3661.1994  1-4 EEL =    43543.1884  RESTRAINT  =     1523.7197
 EAMBER  = -2168686.4285


   NSTEP       ENERGY          RMS            GMAX         NAME    NUMBER
   1300      -2.1697E+06     2.1212E-01     1.6222E+01     NE2      5189

 BOND    =   155657.7928  ANGLE   =     2290.1670  DIHED      =    12901.3277
 VDWAALS =   361804.4913  EEL     = -2751083.6665  HBOND      =        0.0000
 1-4 VDW =     3661.7588  1-4 EEL =    43545.1529  RESTRAINT  =     1523.2039
 EAMBER  = -2171222.9760


   NSTEP       ENERGY          RMS            GMAX         NAME    NUMBER
   1350      -2.1720E+06     2.0444E-01     2.6953E+01     CG      13792

 BOND    =   156231.9072  ANGLE   =     2290.3651  DIHED      =    12900.6077
 VDWAALS =   364439.9870  EEL     = -2756635.9348  HBOND      =        0.0000
 1-4 VDW =     3662.1342  1-4 EEL =    43544.8622  RESTRAINT  =     1523.2908
 EAMBER  = -2173566.0715


   NSTEP       ENERGY          RMS            GMAX         NAME    NUMBER
   1400      -2.1742E+06     6.1679E-01     3.7596E+02     CG      13792

 BOND    =   156861.9313  ANGLE   =     2298.6761  DIHED      =    12899.9315
 VDWAALS =   366966.4085  EEL     = -2761979.4551  HBOND      =        0.0000
 1-4 VDW =     3662.6164  1-4 EEL =    43545.7614  RESTRAINT  =     1523.8906
 EAMBER  = -2175744.1299


   NSTEP       ENERGY          RMS            GMAX         NAME    NUMBER
   1450      -2.1765E+06     1.9995E-01     1.6443E+01     NE2      5189

 BOND    =   157318.4290  ANGLE   =     2291.8277  DIHED      =    12899.6303
 VDWAALS =   369398.1709  EEL     = -2767126.2339  HBOND      =        0.0000
 1-4 VDW =     3662.7862  1-4 EEL =    43543.6307  RESTRAINT  =     1524.0686
 EAMBER  = -2178011.7590


   NSTEP       ENERGY          RMS            GMAX         NAME    NUMBER
   1500      -2.1786E+06     5.1713E-01     9.1504E+01     NE2      5189

 BOND    =   157891.0903  ANGLE   =     2306.9250  DIHED      =    12899.3755
 VDWAALS =   371794.6938  EEL     = -2772186.9554  HBOND      =        0.0000
 1-4 VDW =     3662.9306  1-4 EEL =    43541.7358  RESTRAINT  =     1525.3005
 EAMBER  = -2180090.2043


   NSTEP       ENERGY          RMS            GMAX         NAME    NUMBER
   1550      -2.1805E+06     7.2303E-01     2.4666E+02     CG      13792

 BOND    =   158425.7481  ANGLE   =     2320.5595  DIHED      =    12899.3568
 VDWAALS =   374010.2390  EEL     = -2776842.7648  HBOND      =        0.0000
 1-4 VDW =     3663.3703  1-4 EEL =    43541.0941  RESTRAINT  =     1526.3068
 EAMBER  = -2181982.3971


   NSTEP       ENERGY          RMS            GMAX         NAME    NUMBER
   1600      -2.1825E+06     3.1427E-01     9.9584E+01     CG      13792

 BOND    =   158812.6340  ANGLE   =     2290.9361  DIHED      =    12899.1329
 VDWAALS =   376179.1814  EEL     = -2781372.4043  HBOND      =        0.0000
 1-4 VDW =     3663.9386  1-4 EEL =    43544.3160  RESTRAINT  =     1525.4378
 EAMBER  = -2183982.2652


   NSTEP       ENERGY          RMS            GMAX         NAME    NUMBER
   1650      -2.1842E+06     1.9506E-01     1.8783E+01     NE2      5189

 BOND    =   159241.8875  ANGLE   =     2291.8246  DIHED      =    12899.1120
 VDWAALS =   378257.2448  EEL     = -2785671.2376  HBOND      =        0.0000
 1-4 VDW =     3664.0383  1-4 EEL =    43543.0407  RESTRAINT  =     1525.5038
 EAMBER  = -2185774.0896


   NSTEP       ENERGY          RMS            GMAX         NAME    NUMBER
   1700      -2.1860E+06     2.5490E-01     8.9484E+01     CG      13792

 BOND    =   159684.9902  ANGLE   =     2293.3718  DIHED      =    12899.0351
 VDWAALS =   380320.1571  EEL     = -2789898.1877  HBOND      =        0.0000
 1-4 VDW =     3664.2208  1-4 EEL =    43542.7389  RESTRAINT  =     1525.4830
 EAMBER  = -2187493.6737


   NSTEP       ENERGY          RMS            GMAX         NAME    NUMBER
   1750      -2.1875E+06     5.1235E-01     1.7667E+02     CG      13792

 BOND    =   160142.6421  ANGLE   =     2304.6829  DIHED      =    12898.9757
 VDWAALS =   382310.9058  EEL     = -2793934.7918  HBOND      =        0.0000
 1-4 VDW =     3664.2740  1-4 EEL =    43541.6991  RESTRAINT  =     1525.8835
 EAMBER  = -2189071.6122


   NSTEP       ENERGY          RMS            GMAX         NAME    NUMBER
   1800      -2.1892E+06     2.8276E-01     4.4649E+01     NE2      5189

 BOND    =   160515.3339  ANGLE   =     2291.2066  DIHED      =    12898.9394
 VDWAALS =   384300.6824  EEL     = -2797919.7230  HBOND      =        0.0000
 1-4 VDW =     3664.8228  1-4 EEL =    43544.7673  RESTRAINT  =     1525.2534
 EAMBER  = -2190703.9707


   NSTEP       ENERGY          RMS            GMAX         NAME    NUMBER
   1850      -2.1906E+06     4.4103E-01     8.0311E+01     CG      13792

 BOND    =   160926.8230  ANGLE   =     2295.6774  DIHED      =    12898.7384
 VDWAALS =   386204.0791  EEL     = -2801686.1362  HBOND      =        0.0000
 1-4 VDW =     3665.0195  1-4 EEL =    43545.5692  RESTRAINT  =     1525.4362
 EAMBER  = -2192150.2295


   NSTEP       ENERGY          RMS            GMAX         NAME    NUMBER
   1900      -2.1921E+06     1.5416E-01     1.3115E+01     CG      13792

 BOND    =   161254.8892  ANGLE   =     2290.9777  DIHED      =    12898.4744
 VDWAALS =   388048.1368  EEL     = -2805298.4398  HBOND      =        0.0000
 1-4 VDW =     3664.8984  1-4 EEL =    43544.0266  RESTRAINT  =     1525.4231
 EAMBER  = -2193597.0366


   NSTEP       ENERGY          RMS            GMAX         NAME    NUMBER
   1950      -2.1934E+06     3.8576E-01     1.0466E+02     CG      13792

 BOND    =   161649.3565  ANGLE   =     2299.3782  DIHED      =    12898.1343
 VDWAALS =   389919.1184  EEL     = -2808936.9004  HBOND      =        0.0000
 1-4 VDW =     3664.9197  1-4 EEL =    43543.0213  RESTRAINT  =     1525.8131
 EAMBER  = -2194962.9721


   NSTEP       ENERGY          RMS            GMAX         NAME    NUMBER
   2000      -2.1947E+06     6.1491E-01     3.8801E+02     CG      13792

 BOND    =   162041.6641  ANGLE   =     2306.7976  DIHED      =    12897.6976
 VDWAALS =   391690.5247  EEL     = -2812359.4629  HBOND      =        0.0000
 1-4 VDW =     3665.0151  1-4 EEL =    43542.5220  RESTRAINT  =     1526.1815
 EAMBER  = -2196215.2419


   NSTEP       ENERGY          RMS            GMAX         NAME    NUMBER
   2050      -2.1960E+06     2.2123E-01     3.2762E+01     NE2      5189

 BOND    =   162305.8015  ANGLE   =     2290.3719  DIHED      =    12896.5803
 VDWAALS =   393411.2031  EEL     = -2815667.6602  HBOND      =        0.0000
 1-4 VDW =     3665.7917  1-4 EEL =    43545.1998  RESTRAINT  =     1525.3918
 EAMBER  = -2197552.7120


   NSTEP       ENERGY          RMS            GMAX         NAME    NUMBER
   2100      -2.1973E+06     1.4645E-01     1.1264E+01     HH      14738

 BOND    =   162620.4412  ANGLE   =     2290.8477  DIHED      =    12893.6390
 VDWAALS =   395100.8681  EEL     = -2818905.1985  HBOND      =        0.0000
 1-4 VDW =     3665.9658  1-4 EEL =    43544.0868  RESTRAINT  =     1525.2824
 EAMBER  = -2198789.3501


   NSTEP       ENERGY          RMS            GMAX         NAME    NUMBER
   2150      -2.1984E+06     1.8443E-01     4.5125E+01     CG      13792

 BOND    =   162926.8880  ANGLE   =     2291.8386  DIHED      =    12891.7535
 VDWAALS =   396709.5507  EEL     = -2821983.5400  HBOND      =        0.0000
 1-4 VDW =     3666.2321  1-4 EEL =    43543.6834  RESTRAINT  =     1524.6947
 EAMBER  = -2199953.5937


   NSTEP       ENERGY          RMS            GMAX         NAME    NUMBER
   2200      -2.1995E+06     4.1203E-01     1.0160E+02     CG      13792

 BOND    =   163247.6655  ANGLE   =     2300.6933  DIHED      =    12890.7235
 VDWAALS =   398265.2513  EEL     = -2824951.7903  HBOND      =        0.0000
 1-4 VDW =     3666.2848  1-4 EEL =    43542.3267  RESTRAINT  =     1524.5933
 EAMBER  = -2201038.8452


   NSTEP       ENERGY          RMS            GMAX         NAME    NUMBER
   2250      -2.2006E+06     1.4023E-01     1.4524E+01     CG       3506

 BOND    =   163491.1873  ANGLE   =     2289.7295  DIHED      =    12890.1862
 VDWAALS =   399726.3434  EEL     = -2827736.5513  HBOND      =        0.0000
 1-4 VDW =     3666.8018  1-4 EEL =    43543.7157  RESTRAINT  =     1524.0276
 EAMBER  = -2202128.5874


   NSTEP       ENERGY          RMS            GMAX         NAME    NUMBER
   2300      -2.2016E+06     3.6959E-01     7.0047E+01     NE2      5189

 BOND    =   163781.3413  ANGLE   =     2294.1363  DIHED      =    12889.7103
 VDWAALS =   401139.5205  EEL     = -2830428.6880  HBOND      =        0.0000
 1-4 VDW =     3667.2469  1-4 EEL =    43544.4848  RESTRAINT  =     1523.9963
 EAMBER  = -2203112.2479


   NSTEP       ENERGY          RMS            GMAX         NAME    NUMBER
   2350      -2.2025E+06     5.2786E-01     2.6767E+02     CG       3506

 BOND    =   164062.7591  ANGLE   =     2298.2172  DIHED      =    12889.1510
 VDWAALS =   402488.4450  EEL     = -2832997.2315  HBOND      =        0.0000
 1-4 VDW =     3667.4957  1-4 EEL =    43544.3745  RESTRAINT  =     1523.9228
 EAMBER  = -2204046.7891


   NSTEP       ENERGY          RMS            GMAX         NAME    NUMBER
   2400      -2.2035E+06     3.2023E-01     1.5702E+02     CG       3506

 BOND    =   164260.1036  ANGLE   =     2295.8872  DIHED      =    12888.9712
 VDWAALS =   403773.9212  EEL     = -2835447.3014  HBOND      =        0.0000
 1-4 VDW =     3667.4275  1-4 EEL =    43541.5230  RESTRAINT  =     1523.5718
 EAMBER  = -2205019.4676


   NSTEP       ENERGY          RMS            GMAX         NAME    NUMBER
   2450      -2.2044E+06     4.9777E-01     3.8686E+02     CG       3506

 BOND    =   164521.3755  ANGLE   =     2299.7745  DIHED      =    12889.3348
 VDWAALS =   405029.0498  EEL     = -2837847.6474  HBOND      =        0.0000
 1-4 VDW =     3667.9230  1-4 EEL =    43541.4182  RESTRAINT  =     1523.3438
 EAMBER  = -2205898.7715


   NSTEP       ENERGY          RMS            GMAX         NAME    NUMBER
   2500      -2.2053E+06     1.8987E-01     2.8949E+01     NE2      5189

 BOND    =   164709.0368  ANGLE   =     2289.8329  DIHED      =    12888.9097
 VDWAALS =   406245.0738  EEL     = -2840180.7832  HBOND      =        0.0000
 1-4 VDW =     3668.2081  1-4 EEL =    43542.6153  RESTRAINT  =     1522.4352
 EAMBER  = -2206837.1065


   NSTEP       ENERGY          RMS            GMAX         NAME    NUMBER
   2550      -2.2139E+06     5.6789E-01     1.6845E+02     OE2      6667

 BOND    =   167451.4018  ANGLE   =     2339.4047  DIHED      =    12888.4812
 VDWAALS =   420064.6353  EEL     = -2865344.2402  HBOND      =        0.0000
 1-4 VDW =     3687.0302  1-4 EEL =    43538.2527  RESTRAINT  =     1517.4621
 EAMBER  = -2215375.0343


   NSTEP       ENERGY          RMS            GMAX         NAME    NUMBER
   2600      -2.2159E+06     4.3960E-01     1.2521E+02     CG       6662

 BOND    =   167722.7682  ANGLE   =     2370.1728  DIHED      =    12887.9836
 VDWAALS =   421917.1230  EEL     = -2869490.2051  HBOND      =        0.0000
 1-4 VDW =     3680.0665  1-4 EEL =    43532.7950  RESTRAINT  =     1521.0527
 EAMBER  = -2217379.2959


   NSTEP       ENERGY          RMS            GMAX         NAME    NUMBER
   2650      -2.2178E+06     3.2825E-01     7.9831E+01     CG       3506

 BOND    =   168074.5835  ANGLE   =     2329.7748  DIHED      =    12887.0838
 VDWAALS =   424009.6080  EEL     = -2873847.0535  HBOND      =        0.0000
 1-4 VDW =     3673.5876  1-4 EEL =    43529.9808  RESTRAINT  =     1517.9375
 EAMBER  = -2219342.4349


   NSTEP       ENERGY          RMS            GMAX         NAME    NUMBER
   2700      -2.2197E+06     3.3494E-01     7.9341E+01     OD1      3507

 BOND    =   168543.2501  ANGLE   =     2322.5761  DIHED      =    12886.3109
 VDWAALS =   426099.3268  EEL     = -2878236.6397  HBOND      =        0.0000
 1-4 VDW =     3672.4670  1-4 EEL =    43528.2516  RESTRAINT  =     1518.5710
 EAMBER  = -2221184.4571


   NSTEP       ENERGY          RMS            GMAX         NAME    NUMBER
   2750      -2.2213E+06     3.6869E-01     8.4107E+01     OD1      3507

 BOND    =   168898.8109  ANGLE   =     2320.2735  DIHED      =    12886.0993
 VDWAALS =   428032.3755  EEL     = -2882158.2099  HBOND      =        0.0000
 1-4 VDW =     3672.0660  1-4 EEL =    43526.4653  RESTRAINT  =     1519.3627
 EAMBER  = -2222822.1193


   NSTEP       ENERGY          RMS            GMAX         NAME    NUMBER
   2800      -2.2229E+06     3.8368E-01     1.0057E+02     CD      13162

 BOND    =   169271.9905  ANGLE   =     2322.7482  DIHED      =    12885.8077
 VDWAALS =   429794.5198  EEL     = -2885844.9093  HBOND      =        0.0000
 1-4 VDW =     3672.1515  1-4 EEL =    43525.5437  RESTRAINT  =     1519.6568
 EAMBER  = -2224372.1479


   NSTEP       ENERGY          RMS            GMAX         NAME    NUMBER
   2850      -2.2244E+06     3.2584E-01     6.9828E+01     OD1      3507

 BOND    =   169644.0880  ANGLE   =     2314.9894  DIHED      =    12886.4488
 VDWAALS =   431496.9241  EEL     = -2889427.1685  HBOND      =        0.0000
 1-4 VDW =     3672.1229  1-4 EEL =    43525.3314  RESTRAINT  =     1518.8144
 EAMBER  = -2225887.2637


   NSTEP       ENERGY          RMS            GMAX         NAME    NUMBER
   2900      -2.2258E+06     3.4357E-01     7.2119E+01     CG       3506

 BOND    =   169962.8410  ANGLE   =     2315.8861  DIHED      =    12887.0837
 VDWAALS =   433087.5789  EEL     = -2892763.7258  HBOND      =        0.0000
 1-4 VDW =     3672.0945  1-4 EEL =    43524.5634  RESTRAINT  =     1518.4688
 EAMBER  = -2227313.6782


   NSTEP       ENERGY          RMS            GMAX         NAME    NUMBER
   2950      -2.2272E+06     3.2070E-01     7.7078E+01     OD1      3507

 BOND    =   170297.4066  ANGLE   =     2312.7622  DIHED      =    12887.7799
 VDWAALS =   434560.0994  EEL     = -2895936.7954  HBOND      =        0.0000
 1-4 VDW =     3672.0017  1-4 EEL =    43524.1213  RESTRAINT  =     1517.9913
 EAMBER  = -2228682.6243


   NSTEP       ENERGY          RMS            GMAX         NAME    NUMBER
   3000      -2.2285E+06     3.3420E-01     1.0967E+02     CG       3506

 BOND    =   170600.3451  ANGLE   =     2314.4743  DIHED      =    12888.5691
 VDWAALS =   435981.9030  EEL     = -2898998.3547  HBOND      =        0.0000
 1-4 VDW =     3672.0954  1-4 EEL =    43523.0654  RESTRAINT  =     1517.6805
 EAMBER  = -2230017.9023


   NSTEP       ENERGY          RMS            GMAX         NAME    NUMBER
   3050      -2.2298E+06     3.0110E-01     7.9934E+01     CD      13162

 BOND    =   170902.3661  ANGLE   =     2312.4254  DIHED      =    12889.1645
 VDWAALS =   437319.6353  EEL     = -2901924.7391  HBOND      =        0.0000
 1-4 VDW =     3672.2631  1-4 EEL =    43522.2068  RESTRAINT  =     1516.8332
 EAMBER  = -2231306.6778


   NSTEP       ENERGY          RMS            GMAX         NAME    NUMBER
   3100      -2.2310E+06     2.7147E-01     5.2422E+01     OD1      3507

 BOND    =   171187.2727  ANGLE   =     2311.5032  DIHED      =    12889.0978
 VDWAALS =   438596.9928  EEL     = -2904738.6890  HBOND      =        0.0000
 1-4 VDW =     3672.5038  1-4 EEL =    43521.1338  RESTRAINT  =     1514.7493
 EAMBER  = -2232560.1849


   NSTEP       ENERGY          RMS            GMAX         NAME    NUMBER
   3150      -2.2323E+06     2.6661E-01     6.2984E+01     OD1      3507

 BOND    =   171482.6672  ANGLE   =     2309.0960  DIHED      =    12889.0203
 VDWAALS =   439866.9969  EEL     = -2907554.4481  HBOND      =        0.0000
 1-4 VDW =     3672.6356  1-4 EEL =    43519.8719  RESTRAINT  =     1511.4021
 EAMBER  = -2233814.1602


   NSTEP       ENERGY          RMS            GMAX         NAME    NUMBER
   3200      -2.2335E+06     2.5730E-01     6.0979E+01     OD1      3507

 BOND    =   171759.6144  ANGLE   =     2307.2469  DIHED      =    12888.4501
 VDWAALS =   441064.0836  EEL     = -2910235.1280  HBOND      =        0.0000
 1-4 VDW =     3672.4251  1-4 EEL =    43518.9594  RESTRAINT  =     1508.7236
 EAMBER  = -2235024.3486


   NSTEP       ENERGY          RMS            GMAX         NAME    NUMBER
   3250      -2.2347E+06     2.5356E-01     7.9541E+01     OD1      3507

 BOND    =   172019.8887  ANGLE   =     2304.7609  DIHED      =    12888.1149
 VDWAALS =   442224.8688  EEL     = -2912822.4722  HBOND      =        0.0000
 1-4 VDW =     3672.1151  1-4 EEL =    43518.2631  RESTRAINT  =     1507.1767
 EAMBER  = -2236194.4607


   NSTEP       ENERGY          RMS            GMAX         NAME    NUMBER
   3300      -2.2358E+06     2.3549E-01     5.4791E+01     OD1      3507

 BOND    =   172260.0799  ANGLE   =     2303.2990  DIHED      =    12887.8565
 VDWAALS =   443328.5223  EEL     = -2915295.8978  HBOND      =        0.0000
 1-4 VDW =     3671.9841  1-4 EEL =    43517.6485  RESTRAINT  =     1505.7032
 EAMBER  = -2237326.5074


   NSTEP       ENERGY          RMS            GMAX         NAME    NUMBER
   3350      -2.2369E+06     2.3609E-01     5.7064E+01     OD1      3507

 BOND    =   172505.4080  ANGLE   =     2302.0532  DIHED      =    12887.6173
 VDWAALS =   444370.7850  EEL     = -2917686.8067  HBOND      =        0.0000
 1-4 VDW =     3672.0802  1-4 EEL =    43517.2601  RESTRAINT  =     1503.9171
 EAMBER  = -2238431.6028


   NSTEP       ENERGY          RMS            GMAX         NAME    NUMBER
   3400      -2.2380E+06     2.4297E-01     5.8060E+01     OD1      3507

 BOND    =   172757.3649  ANGLE   =     2301.0655  DIHED      =    12887.3278
 VDWAALS =   445407.0244  EEL     = -2920079.9083  HBOND      =        0.0000
 1-4 VDW =     3672.1030  1-4 EEL =    43516.7303  RESTRAINT  =     1502.3755
 EAMBER  = -2239538.2925


   NSTEP       ENERGY          RMS            GMAX         NAME    NUMBER
   3450      -2.2391E+06     2.7397E-01     7.4052E+01     CD      13162

 BOND    =   172986.6594  ANGLE   =     2301.4954  DIHED      =    12887.1306
 VDWAALS =   446425.7076  EEL     = -2922395.9283  HBOND      =        0.0000
 1-4 VDW =     3672.2407  1-4 EEL =    43516.0925  RESTRAINT  =     1501.3334
 EAMBER  = -2240606.6020


   NSTEP       ENERGY          RMS            GMAX         NAME    NUMBER
   3500      -2.2401E+06     2.4088E-01     4.5468E+01     OD1      3507

 BOND    =   173233.6806  ANGLE   =     2299.7996  DIHED      =    12886.9844
 VDWAALS =   447396.1236  EEL     = -2924642.5075  HBOND      =        0.0000
 1-4 VDW =     3672.2559  1-4 EEL =    43516.1501  RESTRAINT  =     1500.2671
 EAMBER  = -2241637.5132


   NSTEP       ENERGY          RMS            GMAX         NAME    NUMBER
   3550      -2.2412E+06     2.1483E-01     4.4324E+01     OD1      3507

 BOND    =   173456.4645  ANGLE   =     2299.9852  DIHED      =    12887.1156
 VDWAALS =   448373.4616  EEL     = -2926867.3161  HBOND      =        0.0000
 1-4 VDW =     3672.1816  1-4 EEL =    43515.7031  RESTRAINT  =     1499.2625
 EAMBER  = -2242662.4046


   NSTEP       ENERGY          RMS            GMAX         NAME    NUMBER
   3600      -2.2422E+06     2.0287E-01     4.2811E+01     OD1      3507

 BOND    =   173688.0008  ANGLE   =     2298.9357  DIHED      =    12887.4063
 VDWAALS =   449357.5478  EEL     = -2929090.7534  HBOND      =        0.0000
 1-4 VDW =     3672.1495  1-4 EEL =    43515.3784  RESTRAINT  =     1498.3756
 EAMBER  = -2243671.3350


   NSTEP       ENERGY          RMS            GMAX         NAME    NUMBER
   3650      -2.2431E+06     1.9612E-01     4.6608E+01     OD1      3507

 BOND    =   173916.1123  ANGLE   =     2298.1351  DIHED      =    12887.9203
 VDWAALS =   450362.9197  EEL     = -2931296.2805  HBOND      =        0.0000
 1-4 VDW =     3672.0384  1-4 EEL =    43514.9479  RESTRAINT  =     1497.5861
 EAMBER  = -2244644.2069


   NSTEP       ENERGY          RMS            GMAX         NAME    NUMBER
   3700      -2.2441E+06     1.9961E-01     6.7973E+01     OD1      3507

 BOND    =   174150.0030  ANGLE   =     2297.3076  DIHED      =    12888.5321
 VDWAALS =   451394.3150  EEL     = -2933504.6517  HBOND      =        0.0000
 1-4 VDW =     3671.9577  1-4 EEL =    43514.3887  RESTRAINT  =     1497.0872
 EAMBER  = -2245588.1476


   NSTEP       ENERGY          RMS            GMAX         NAME    NUMBER
   3750      -2.2450E+06     1.7962E-01     4.3342E+01     OD1      3507

 BOND    =   174369.9987  ANGLE   =     2296.1557  DIHED      =    12888.8227
 VDWAALS =   452399.8451  EEL     = -2935631.8493  HBOND      =        0.0000
 1-4 VDW =     3671.8681  1-4 EEL =    43514.0298  RESTRAINT  =     1496.9379
 EAMBER  = -2246491.1292


   NSTEP       ENERGY          RMS            GMAX         NAME    NUMBER
   3800      -2.2459E+06     1.7590E-01     4.3789E+01     OD1      3507

 BOND    =   174588.3139  ANGLE   =     2295.1094  DIHED      =    12888.8716
 VDWAALS =   453385.9968  EEL     = -2937711.3245  HBOND      =        0.0000
 1-4 VDW =     3671.8622  1-4 EEL =    43513.7746  RESTRAINT  =     1497.0803
 EAMBER  = -2247367.3960


   NSTEP       ENERGY          RMS            GMAX         NAME    NUMBER
   3850      -2.2467E+06     1.6727E-01     4.6220E+01     OD1      3507

 BOND    =   174797.6352  ANGLE   =     2294.2144  DIHED      =    12888.7308
 VDWAALS =   454329.8796  EEL     = -2939717.8426  HBOND      =        0.0000
 1-4 VDW =     3671.8288  1-4 EEL =    43513.3278  RESTRAINT  =     1497.0736
 EAMBER  = -2248222.2261


   NSTEP       ENERGY          RMS            GMAX         NAME    NUMBER
   3900      -2.2476E+06     1.5954E-01     4.3365E+01     OD1      3507

 BOND    =   175004.4026  ANGLE   =     2293.6630  DIHED      =    12888.5924
 VDWAALS =   455234.8176  EEL     = -2941677.9227  HBOND      =        0.0000
 1-4 VDW =     3671.8327  1-4 EEL =    43512.7712  RESTRAINT  =     1496.5678
 EAMBER  = -2249071.8432


   NSTEP       ENERGY          RMS            GMAX         NAME    NUMBER
   3950      -2.2484E+06     1.5380E-01     3.7532E+01     OD1      3507

 BOND    =   175209.7981  ANGLE   =     2293.0606  DIHED      =    12888.3838
 VDWAALS =   456109.3382  EEL     = -2943615.2996  HBOND      =        0.0000
 1-4 VDW =     3671.9073  1-4 EEL =    43512.2827  RESTRAINT  =     1495.8485
 EAMBER  = -2249930.5288


   NSTEP       ENERGY          RMS            GMAX         NAME    NUMBER
   4000      -2.2493E+06     1.5055E-01     3.9847E+01     OD1      3507

 BOND    =   175417.6799  ANGLE   =     2292.7285  DIHED      =    12888.3072
 VDWAALS =   456971.1105  EEL     = -2945553.2464  HBOND      =        0.0000
 1-4 VDW =     3671.9803  1-4 EEL =    43511.8143  RESTRAINT  =     1495.5551
 EAMBER  = -2250799.6258


   NSTEP       ENERGY          RMS            GMAX         NAME    NUMBER
   4050      -2.2502E+06     1.4576E-01     4.6834E+01     OD1      3507

 BOND    =   175620.5107  ANGLE   =     2292.2874  DIHED      =    12888.1538
 VDWAALS =   457813.7074  EEL     = -2947464.3290  HBOND      =        0.0000
 1-4 VDW =     3671.9386  1-4 EEL =    43511.4863  RESTRAINT  =     1495.7129
 EAMBER  = -2251666.2448


   NSTEP       ENERGY          RMS            GMAX         NAME    NUMBER
   4100      -2.2510E+06     1.3682E-01     3.7516E+01     OD1      3507

 BOND    =   175827.4959  ANGLE   =     2292.1516  DIHED      =    12887.8027
 VDWAALS =   458663.3097  EEL     = -2949389.6268  HBOND      =        0.0000
 1-4 VDW =     3671.9063  1-4 EEL =    43511.2614  RESTRAINT  =     1496.0110
 EAMBER  = -2252535.6992


   NSTEP       ENERGY          RMS            GMAX         NAME    NUMBER
   4150      -2.2519E+06     1.3211E-01     3.4342E+01     OD1      3507

 BOND    =   176040.6510  ANGLE   =     2291.7889  DIHED      =    12887.4188
 VDWAALS =   459540.5308  EEL     = -2951359.5086  HBOND      =        0.0000
 1-4 VDW =     3671.8264  1-4 EEL =    43510.7984  RESTRAINT  =     1496.3213
 EAMBER  = -2253416.4943


   NSTEP       ENERGY          RMS            GMAX         NAME    NUMBER
   4200      -2.2528E+06     1.2993E-01     3.4780E+01     OD1      3507

 BOND    =   176247.2565  ANGLE   =     2291.9285  DIHED      =    12887.3127
 VDWAALS =   460399.8725  EEL     = -2953279.7490  HBOND      =        0.0000
 1-4 VDW =     3671.7818  1-4 EEL =    43510.2930  RESTRAINT  =     1496.4190
 EAMBER  = -2254271.3040


   NSTEP       ENERGY          RMS            GMAX         NAME    NUMBER
   4250      -2.2537E+06     1.5749E-01     5.2754E+01     OD1      3507

 BOND    =   176478.3996  ANGLE   =     2293.2721  DIHED      =    12887.4512
 VDWAALS =   461307.1655  EEL     = -2955334.0105  HBOND      =        0.0000
 1-4 VDW =     3671.8679  1-4 EEL =    43509.3876  RESTRAINT  =     1496.3521
 EAMBER  = -2255186.4666


   NSTEP       ENERGY          RMS            GMAX         NAME    NUMBER
   4300      -2.2545E+06     1.4920E-01     4.7889E+01     OD1      3507

 BOND    =   176647.8850  ANGLE   =     2292.7690  DIHED      =    12887.7191
 VDWAALS =   462079.8074  EEL     = -2957075.5452  HBOND      =        0.0000
 1-4 VDW =     3671.8699  1-4 EEL =    43508.3736  RESTRAINT  =     1495.8627
 EAMBER  = -2255987.1211


   NSTEP       ENERGY          RMS            GMAX         NAME    NUMBER
   4350      -2.2553E+06     1.3423E-01     3.1769E+01     OD1      3507

 BOND    =   176835.9940  ANGLE   =     2291.8596  DIHED      =    12887.6299
 VDWAALS =   462844.5709  EEL     = -2958797.2668  HBOND      =        0.0000
 1-4 VDW =     3672.0540  1-4 EEL =    43507.9326  RESTRAINT  =     1494.9807
 EAMBER  = -2256757.2258


   NSTEP       ENERGY          RMS            GMAX         NAME    NUMBER
   4400      -2.2560E+06     1.3533E-01     3.4758E+01     OD1      3507

 BOND    =   176997.3211  ANGLE   =     2291.6623  DIHED      =    12887.4349
 VDWAALS =   463598.1958  EEL     = -2960438.2234  HBOND      =        0.0000
 1-4 VDW =     3672.0964  1-4 EEL =    43507.6832  RESTRAINT  =     1494.2423
 EAMBER  = -2257483.8296


   NSTEP       ENERGY          RMS            GMAX         NAME    NUMBER
   4450      -2.2567E+06     1.3744E-01     3.8117E+01     OD1      3507

 BOND    =   177172.1907  ANGLE   =     2291.0919  DIHED      =    12887.3557
 VDWAALS =   464303.8490  EEL     = -2961994.5280  HBOND      =        0.0000
 1-4 VDW =     3672.2254  1-4 EEL =    43507.0386  RESTRAINT  =     1493.7587
 EAMBER  = -2258160.7768


   NSTEP       ENERGY          RMS            GMAX         NAME    NUMBER
   4500      -2.2573E+06     1.3745E-01     4.4246E+01     OD1      3507

 BOND    =   177280.3594  ANGLE   =     2291.1375  DIHED      =    12887.4118
 VDWAALS =   464906.4603  EEL     = -2963289.3250  HBOND      =        0.0000
 1-4 VDW =     3672.1478  1-4 EEL =    43506.6086  RESTRAINT  =     1493.5569
 EAMBER  = -2258745.1998


   NSTEP       ENERGY          RMS            GMAX         NAME    NUMBER
   4550      -2.2578E+06     1.2884E-01     3.8519E+01     OD1      3507

 BOND    =   177432.5825  ANGLE   =     2290.7850  DIHED      =    12887.4512
 VDWAALS =   465463.1986  EEL     = -2964547.3906  HBOND      =        0.0000
 1-4 VDW =     3672.1728  1-4 EEL =    43506.1428  RESTRAINT  =     1493.5100
 EAMBER  = -2259295.0576


   NSTEP       ENERGY          RMS            GMAX         NAME    NUMBER
   4600      -2.2583E+06     1.2854E-01     3.8033E+01     OD1      3507

 BOND    =   177553.8046  ANGLE   =     2290.7680  DIHED      =    12887.5446
 VDWAALS =   466008.3487  EEL     = -2965758.3823  HBOND      =        0.0000
 1-4 VDW =     3672.2129  1-4 EEL =    43505.5755  RESTRAINT  =     1493.6818
 EAMBER  = -2259840.1280


   NSTEP       ENERGY          RMS            GMAX         NAME    NUMBER
   4650      -2.2589E+06     1.2862E-01     3.9494E+01     OD1      3507

 BOND    =   177672.3657  ANGLE   =     2290.2774  DIHED      =    12887.6418
 VDWAALS =   466523.2446  EEL     = -2966911.1091  HBOND      =        0.0000
 1-4 VDW =     3672.2227  1-4 EEL =    43505.1754  RESTRAINT  =     1494.0622
 EAMBER  = -2260360.1815


   NSTEP       ENERGY          RMS            GMAX         NAME    NUMBER
   4700      -2.2594E+06     1.3685E-01     4.7427E+01     OD1      3507

 BOND    =   177787.7124  ANGLE   =     2289.9134  DIHED      =    12887.8399
 VDWAALS =   467036.2219  EEL     = -2968048.5150  HBOND      =        0.0000
 1-4 VDW =     3672.2079  1-4 EEL =    43504.9687  RESTRAINT  =     1494.2998
 EAMBER  = -2260869.6507


   NSTEP       ENERGY          RMS            GMAX         NAME    NUMBER
   4750      -2.2599E+06     2.4853E-01     9.0689E+01     CD      13407

 BOND    =   177927.8954  ANGLE   =     2290.0289  DIHED      =    12887.9692
 VDWAALS =   467566.6600  EEL     = -2969244.4423  HBOND      =        0.0000
 1-4 VDW =     3672.2512  1-4 EEL =    43504.7832  RESTRAINT  =     1493.8610
 EAMBER  = -2261394.8544


   NSTEP       ENERGY          RMS            GMAX         NAME    NUMBER
   4800      -2.2604E+06     2.3738E-01     9.9064E+01     CD       3874

 BOND    =   178038.2653  ANGLE   =     2289.5911  DIHED      =    12887.8980
 VDWAALS =   468030.9149  EEL     = -2970311.6955  HBOND      =        0.0000
 1-4 VDW =     3672.3367  1-4 EEL =    43505.1153  RESTRAINT  =     1493.4177
 EAMBER  = -2261887.5741


   NSTEP       ENERGY          RMS            GMAX         NAME    NUMBER
   4850      -2.2609E+06     2.4839E-01     8.2533E+01     CD      13407

 BOND    =   178160.5461  ANGLE   =     2291.0824  DIHED      =    12887.3693
 VDWAALS =   468492.9668  EEL     = -2971382.6911  HBOND      =        0.0000
 1-4 VDW =     3672.3054  1-4 EEL =    43505.2690  RESTRAINT  =     1493.2320
 EAMBER  = -2262373.1522


   NSTEP       ENERGY          RMS            GMAX         NAME    NUMBER
   4900      -2.2613E+06     1.9949E-01     7.5862E+01     CD      13407

 BOND    =   178226.1857  ANGLE   =     2289.9581  DIHED      =    12886.8293
 VDWAALS =   468918.9356  EEL     = -2972324.0260  HBOND      =        0.0000
 1-4 VDW =     3672.5528  1-4 EEL =    43505.4796  RESTRAINT  =     1493.2300
 EAMBER  = -2262824.0850


   NSTEP       ENERGY          RMS            GMAX         NAME    NUMBER
   4950      -2.2618E+06     1.7859E-01     5.3118E+01     CD      13407

 BOND    =   178327.7484  ANGLE   =     2290.3048  DIHED      =    12886.2530
 VDWAALS =   469326.3675  EEL     = -2973259.1710  HBOND      =        0.0000
 1-4 VDW =     3672.6955  1-4 EEL =    43505.6394  RESTRAINT  =     1493.3117
 EAMBER  = -2263250.1625


   NSTEP       ENERGY          RMS            GMAX         NAME    NUMBER
   5000      -2.2622E+06     1.7675E-01     5.2436E+01     CD      13407

 BOND    =   178421.5364  ANGLE   =     2290.3081  DIHED      =    12885.9431
 VDWAALS =   469721.7441  EEL     = -2974154.1414  HBOND      =        0.0000
 1-4 VDW =     3672.8853  1-4 EEL =    43505.9293  RESTRAINT  =     1493.3600
 EAMBER  = -2263655.7950


  Maximum number of minimization cycles reached.


                    FINAL RESULTS



   NSTEP       ENERGY          RMS            GMAX         NAME    NUMBER
   5000      -2.2622E+06     1.7675E-01     5.2436E+01     CD      13407

 BOND    =   178421.5364  ANGLE   =     2290.3081  DIHED      =    12885.9431
 VDWAALS =   469721.7441  EEL     = -2974154.1414  HBOND      =        0.0000
 1-4 VDW =     3672.8853  1-4 EEL =    43505.9293  RESTRAINT  =     1493.3600
 EAMBER  = -2263655.7950

--------------------------------------------------------------------------------
   5.  TIMINGS
--------------------------------------------------------------------------------

|                Build the list           107.57 (93.82% of List )
|                Other                      7.09 ( 6.18% of List )
|             List time                114.66 ( 0.61% of Nonbo)
|                   Short_ene time         16086.74 (99.30% of Direc)
|                   Other                    113.61 ( 0.70% of Direc)
|                Direct Ewald time      16200.34 (87.16% of Ewald)
|                Adjust Ewald time         76.35 ( 0.41% of Ewald)
|                   Fill Bspline coeffs       99.73 ( 4.34% of Recip)
|                   Fill charge grid         339.94 (14.80% of Recip)
|                   Scalar sum               431.45 (18.78% of Recip)
|                   Grad sum                 583.65 (25.41% of Recip)
|                   FFT time                 842.02 (36.66% of Recip)
|                Recip Ewald time        2296.80 (12.36% of Ewald)
|                Virial junk                9.21 ( 0.05% of Ewald)
|                Other                      3.99 ( 0.02% of Ewald)
|             Ewald time             18586.71 (99.39% of Nonbo)
|          Nonbond force          18701.38 (99.58% of Force)
|          Bond/Angle/Dihedral       74.85 ( 0.40% of Force)
|          Other                      3.14 ( 0.02% of Force)
|       Force time             18779.36 (100.0% of Runmd)
|    Runmd Time             18779.36 (99.55% of Total)
|    Other                     84.85 ( 0.45% of Total)
| Total time             18864.55 (100.0% of ALL  )

| Number of list builds   :         26

| Highest rstack allocated:   28083844
| Highest istack allocated:     546538
|           Job began  at 23:48:45.956  on 04/13/2026
|           Setup done at 23:48:50.365  on 04/13/2026
|           Run   done at 05:03:10.510  on 04/14/2026
|     wallclock() was called  190100 times

|3D-RISM memory allocation summary
|Type          Maximum        Current   
|Integer       0.00000 GB     0.00000 GB
|Real          0.00000 GB     0.00000 GB
|Logical       0.00000 GB     0.00000 GB
|Character     0.00000 GB     0.00000 GB
|---------------------------------------
|Total         0.00000 GB     0.00000 GB
